Determining if the pthread_kill exist failed with the following output:
Change Dir: /home/osboxes/work/workspace/vsomeIP_example/CMakeFiles/CMakeTmp

Run Build Command(s):/usr/bin/make cmTC_7d063/fast 
/usr/bin/make -f CMakeFiles/cmTC_7d063.dir/build.make CMakeFiles/cmTC_7d063.dir/build
make[1]: Entering directory '/home/osboxes/work/workspace/vsomeIP_example/CMakeFiles/CMakeTmp'
Building C object CMakeFiles/cmTC_7d063.dir/CheckSymbolExists.c.o
/usr/bin/gcc    -o CMakeFiles/cmTC_7d063.dir/CheckSymbolExists.c.o   -c /home/osboxes/work/workspace/vsomeIP_example/CMakeFiles/CMakeTmp/CheckSymbolExists.c
/home/osboxes/work/workspace/vsomeIP_example/CMakeFiles/CMakeTmp/CheckSymbolExists.c: In function ‘main’:
/home/osboxes/work/workspace/vsomeIP_example/CMakeFiles/CMakeTmp/CheckSymbolExists.c:8:19: error: ‘pthread_kill’ undeclared (first use in this function)
   return ((int*)(&pthread_kill))[argc];
                   ^
/home/osboxes/work/workspace/vsomeIP_example/CMakeFiles/CMakeTmp/CheckSymbolExists.c:8:19: note: each undeclared identifier is reported only once for each function it appears in
CMakeFiles/cmTC_7d063.dir/build.make:65: recipe for target 'CMakeFiles/cmTC_7d063.dir/CheckSymbolExists.c.o' failed
make[1]: *** [CMakeFiles/cmTC_7d063.dir/CheckSymbolExists.c.o] Error 1
make[1]: Leaving directory '/home/osboxes/work/workspace/vsomeIP_example/CMakeFiles/CMakeTmp'
Makefile:121: recipe for target 'cmTC_7d063/fast' failed
make: *** [cmTC_7d063/fast] Error 2

File /home/osboxes/work/workspace/vsomeIP_example/CMakeFiles/CMakeTmp/CheckSymbolExists.c:
/* */
#include <pthread.h>

int main(int argc, char** argv)
{
  (void)argv;
#ifndef pthread_kill
  return ((int*)(&pthread_kill))[argc];
#else
  (void)argc;
  return 0;
#endif
}

Determining if the function pthread_create exists in the pthreads failed with the following output:
Change Dir: /home/osboxes/work/workspace/vsomeIP_example/CMakeFiles/CMakeTmp

Run Build Command(s):/usr/bin/make cmTC_392b5/fast 
/usr/bin/make -f CMakeFiles/cmTC_392b5.dir/build.make CMakeFiles/cmTC_392b5.dir/build
make[1]: Entering directory '/home/osboxes/work/workspace/vsomeIP_example/CMakeFiles/CMakeTmp'
Building C object CMakeFiles/cmTC_392b5.dir/CheckFunctionExists.c.o
/usr/bin/gcc   -DCHECK_FUNCTION_EXISTS=pthread_create   -o CMakeFiles/cmTC_392b5.dir/CheckFunctionExists.c.o   -c /usr/share/cmake-3.14/Modules/CheckFunctionExists.c
Linking C executable cmTC_392b5
/usr/bin/cmake -E cmake_link_script CMakeFiles/cmTC_392b5.dir/link.txt --verbose=1
/usr/bin/gcc  -DCHECK_FUNCTION_EXISTS=pthread_create    -rdynamic CMakeFiles/cmTC_392b5.dir/CheckFunctionExists.c.o  -o cmTC_392b5 -lpthreads 
/usr/bin/ld: cannot find -lpthreads
collect2: error: ld returned 1 exit status
CMakeFiles/cmTC_392b5.dir/build.make:86: recipe for target 'cmTC_392b5' failed
make[1]: *** [cmTC_392b5] Error 1
make[1]: Leaving directory '/home/osboxes/work/workspace/vsomeIP_example/CMakeFiles/CMakeTmp'
Makefile:121: recipe for target 'cmTC_392b5/fast' failed
make: *** [cmTC_392b5/fast] Error 2


